C51 COMPILER V9.00   KEY                                                                   02/25/2016 19:50:16 PAGE 1   


C51 COMPILER V9.00, COMPILATION OF MODULE KEY
OBJECT MODULE PLACED IN key.OBJ
COMPILER INVOKED BY: D:\Program Files (x86)\Keil\C51\BIN\C51.EXE key.c BROWSE INCDIR(..\stc_lib;..\b) DEBUG OBJECTEXTEND

line level    source

   1          #include "key.h"
   2          #include "config.h"
   3          #include "delay.h"
   4          
   5          
   6          // 按键引脚与MCU连接的端口
   7          #define KEYPORT P3
   8          
   9          
  10          uint8 ReadKey(void)
  11          {
  12   1          uint8 value;
  13   1          unsigned long t=300000;
  14   1          while ((value = (KEYPORT & KEY_NOP)) != KEY_NOP)
  15   1          {
  16   2             delay_ms(10);
  17   2             if (--t <=  0) // 设置循环时间，避免死循环
  18   2             {
  19   3                 break;
  20   3             }
  21   2          }
  22   1      
  23   1       return value;
  24   1      }


MODULE INFORMATION:   STATIC OVERLAYABLE
   CODE SIZE        =     48    ----
   CONSTANT SIZE    =   ----    ----
   XDATA SIZE       =   ----    ----
   PDATA SIZE       =   ----    ----
   DATA SIZE        =   ----       5
   IDATA SIZE       =   ----    ----
   BIT SIZE         =   ----    ----
END OF MODULE INFORMATION.


C51 COMPILATION COMPLETE.  0 WARNING(S),  0 ERROR(S)
