C51 COMPILER V9.00   NTOSTR                                                                02/25/2016 19:50:16 PAGE 1   


C51 COMPILER V9.00, COMPILATION OF MODULE NTOSTR
OBJECT MODULE PLACED IN ntostr.OBJ
COMPILER INVOKED BY: D:\Program Files (x86)\Keil\C51\BIN\C51.EXE ntostr.c BROWSE INCDIR(..\stc_lib;..\b) DEBUG OBJECTEXT
                    -END

line level    source

   1          #include "ntostr.h"
   2          
   3          // string[]数组数字排列方式:string = "123"(即123,最高位在string[0])
   4          uint8 *N8ToStr(uint8 n8, uint8 string[])
   5          {
   6   1          if (n8 < 10) //个位数
   7   1          {
   8   2              string[0] = '0'; 
   9   2              string[1] = '0';
  10   2              string[2] = '0' + n8;
  11   2              string[3] = 0;
  12   2              return string;
  13   2          }
  14   1      
  15   1          string[0] = (n8 / 100) + '0';   //百位
  16   1          string[1] = ((n8 % 100) / 10)+ '0';  //十位
  17   1          string[2] = (n8 % 10) + '0'; //个位
  18   1          string[3] = 0; 
  19   1          return string;
  20   1      }
  21          
  22          
  23          //转换的数字最大为9999
  24          uint8 *N16ToStr(uint16 n16, uint8 string[])
  25          {
  26   1          uint8 tmp;
  27   1          if (n16 < 10) //个位数
  28   1          {
  29   2              string[0] = '0';
  30   2              string[1] = '0'; 
  31   2              string[2] = '0';
  32   2              string[3] = '0' + (uint8)n16;
  33   2              string[4] = 0;
  34   2              return string;
  35   2          }
  36   1      
  37   1          string[0] = n16 / 1000 + '0';  //千位
  38   1          tmp = n16 % 1000;
  39   1          string[1] = tmp / 100 + '0';   //百位
  40   1          tmp = tmp % 100;
  41   1          string[2] = tmp / 10 + '0';    //十位
  42   1          string[3] = tmp % 10 + '0';    //个位
  43   1          string[4] = 0;
  44   1      
  45   1          return string;
  46   1      }


MODULE INFORMATION:   STATIC OVERLAYABLE
   CODE SIZE        =    220    ----
   CONSTANT SIZE    =   ----    ----
   XDATA SIZE       =   ----    ----
   PDATA SIZE       =   ----    ----
   DATA SIZE        =   ----       5
C51 COMPILER V9.00   NTOSTR                                                                02/25/2016 19:50:16 PAGE 2   

   IDATA SIZE       =   ----    ----
   BIT SIZE         =   ----    ----
END OF MODULE INFORMATION.


C51 COMPILATION COMPLETE.  0 WARNING(S),  0 ERROR(S)
